2021-11-05 14:29:03.958  INFO 15805 --- [restartedMain] c.b.s.SpringAddressBookApplication       : Starting SpringAddressBookApplication using Java 1.8.0_292 on swathi-Latitude-5511 with PID 15805 (/home/swathi/Documents/Swathi/BridgeLabz Fellowship/STS/SpringAddressBook/target/classes started by swathi in /home/swathi/Documents/Swathi/BridgeLabz Fellowship/STS/SpringAddressBook)
2021-11-05 14:29:03.959 DEBUG 15805 --- [restartedMain] c.b.s.SpringAddressBookApplication       : Running with Spring Boot v2.5.6, Spring v5.3.12
2021-11-05 14:29:03.960  INFO 15805 --- [restartedMain] c.b.s.SpringAddressBookApplication       : No active profile set, falling back to default profiles: default
2021-11-05 14:29:04.251  WARN 15805 --- [restartedMain] JpaBaseConfiguration$JpaWebConfiguration : spring.jpa.open-in-view is enabled by default. Therefore, database queries may be performed during view rendering. Explicitly configure spring.jpa.open-in-view to disable this warning
2021-11-05 14:29:04.340  INFO 15805 --- [restartedMain] c.b.s.SpringAddressBookApplication       : Started SpringAddressBookApplication in 0.421 seconds (JVM running for 580.268)
2021-11-05 14:29:05.868  INFO 15805 --- [restartedMain] c.b.s.SpringAddressBookApplication       : Starting SpringAddressBookApplication using Java 1.8.0_292 on swathi-Latitude-5511 with PID 15805 (/home/swathi/Documents/Swathi/BridgeLabz Fellowship/STS/SpringAddressBook/target/classes started by swathi in /home/swathi/Documents/Swathi/BridgeLabz Fellowship/STS/SpringAddressBook)
2021-11-05 14:29:05.868 DEBUG 15805 --- [restartedMain] c.b.s.SpringAddressBookApplication       : Running with Spring Boot v2.5.6, Spring v5.3.12
2021-11-05 14:29:05.868  INFO 15805 --- [restartedMain] c.b.s.SpringAddressBookApplication       : No active profile set, falling back to default profiles: default
2021-11-05 14:29:06.039  WARN 15805 --- [restartedMain] JpaBaseConfiguration$JpaWebConfiguration : spring.jpa.open-in-view is enabled by default. Therefore, database queries may be performed during view rendering. Explicitly configure spring.jpa.open-in-view to disable this warning
2021-11-05 14:29:06.093  INFO 15805 --- [restartedMain] c.b.s.SpringAddressBookApplication       : Started SpringAddressBookApplication in 0.239 seconds (JVM running for 582.022)
2021-11-05 14:29:41.623  INFO 15805 --- [restartedMain] c.b.s.SpringAddressBookApplication       : Starting SpringAddressBookApplication using Java 1.8.0_292 on swathi-Latitude-5511 with PID 15805 (/home/swathi/Documents/Swathi/BridgeLabz Fellowship/STS/SpringAddressBook/target/classes started by swathi in /home/swathi/Documents/Swathi/BridgeLabz Fellowship/STS/SpringAddressBook)
2021-11-05 14:29:41.623 DEBUG 15805 --- [restartedMain] c.b.s.SpringAddressBookApplication       : Running with Spring Boot v2.5.6, Spring v5.3.12
2021-11-05 14:29:41.623  INFO 15805 --- [restartedMain] c.b.s.SpringAddressBookApplication       : No active profile set, falling back to default profiles: default
2021-11-05 14:29:41.795  WARN 15805 --- [restartedMain] JpaBaseConfiguration$JpaWebConfiguration : spring.jpa.open-in-view is enabled by default. Therefore, database queries may be performed during view rendering. Explicitly configure spring.jpa.open-in-view to disable this warning
2021-11-05 14:29:41.850  INFO 15805 --- [restartedMain] c.b.s.SpringAddressBookApplication       : Started SpringAddressBookApplication in 0.242 seconds (JVM running for 617.778)
2021-11-05 14:29:41.851  INFO 15805 --- [restartedMain] c.b.s.SpringAddressBookApplication       : Address Book App Started
2021-11-05 14:31:30.485  INFO 15805 --- [restartedMain] c.b.s.SpringAddressBookApplication       : Starting SpringAddressBookApplication using Java 1.8.0_292 on swathi-Latitude-5511 with PID 15805 (/home/swathi/Documents/Swathi/BridgeLabz Fellowship/STS/SpringAddressBook/target/classes started by swathi in /home/swathi/Documents/Swathi/BridgeLabz Fellowship/STS/SpringAddressBook)
2021-11-05 14:31:30.485 DEBUG 15805 --- [restartedMain] c.b.s.SpringAddressBookApplication       : Running with Spring Boot v2.5.6, Spring v5.3.12
2021-11-05 14:31:30.485  INFO 15805 --- [restartedMain] c.b.s.SpringAddressBookApplication       : No active profile set, falling back to default profiles: default
2021-11-05 14:31:30.656  WARN 15805 --- [restartedMain] JpaBaseConfiguration$JpaWebConfiguration : spring.jpa.open-in-view is enabled by default. Therefore, database queries may be performed during view rendering. Explicitly configure spring.jpa.open-in-view to disable this warning
2021-11-05 14:31:30.711  INFO 15805 --- [restartedMain] c.b.s.SpringAddressBookApplication       : Started SpringAddressBookApplication in 0.24 seconds (JVM running for 726.64)
2021-11-05 14:31:30.712  INFO 15805 --- [restartedMain] c.b.s.SpringAddressBookApplication       : Address Book App Started
2021-11-05 14:32:08.248  INFO 15805 --- [restartedMain] c.b.s.SpringAddressBookApplication       : Starting SpringAddressBookApplication using Java 1.8.0_292 on swathi-Latitude-5511 with PID 15805 (/home/swathi/Documents/Swathi/BridgeLabz Fellowship/STS/SpringAddressBook/target/classes started by swathi in /home/swathi/Documents/Swathi/BridgeLabz Fellowship/STS/SpringAddressBook)
2021-11-05 14:32:08.248 DEBUG 15805 --- [restartedMain] c.b.s.SpringAddressBookApplication       : Running with Spring Boot v2.5.6, Spring v5.3.12
2021-11-05 14:32:08.248  INFO 15805 --- [restartedMain] c.b.s.SpringAddressBookApplication       : No active profile set, falling back to default profiles: default
2021-11-05 14:32:08.412  WARN 15805 --- [restartedMain] JpaBaseConfiguration$JpaWebConfiguration : spring.jpa.open-in-view is enabled by default. Therefore, database queries may be performed during view rendering. Explicitly configure spring.jpa.open-in-view to disable this warning
2021-11-05 14:32:08.464  INFO 15805 --- [restartedMain] c.b.s.SpringAddressBookApplication       : Started SpringAddressBookApplication in 0.231 seconds (JVM running for 764.392)
2021-11-05 14:32:08.465  INFO 15805 --- [restartedMain] c.b.s.SpringAddressBookApplication       : Address Book App Started
2021-11-05 14:33:03.027  INFO 15805 --- [restartedMain] c.b.s.SpringAddressBookApplication       : Starting SpringAddressBookApplication using Java 1.8.0_292 on swathi-Latitude-5511 with PID 15805 (/home/swathi/Documents/Swathi/BridgeLabz Fellowship/STS/SpringAddressBook/target/classes started by swathi in /home/swathi/Documents/Swathi/BridgeLabz Fellowship/STS/SpringAddressBook)
2021-11-05 14:33:03.028 DEBUG 15805 --- [restartedMain] c.b.s.SpringAddressBookApplication       : Running with Spring Boot v2.5.6, Spring v5.3.12
2021-11-05 14:33:03.028  INFO 15805 --- [restartedMain] c.b.s.SpringAddressBookApplication       : No active profile set, falling back to default profiles: default
2021-11-05 14:33:03.221  WARN 15805 --- [restartedMain] JpaBaseConfiguration$JpaWebConfiguration : spring.jpa.open-in-view is enabled by default. Therefore, database queries may be performed during view rendering. Explicitly configure spring.jpa.open-in-view to disable this warning
2021-11-05 14:33:03.278  INFO 15805 --- [restartedMain] c.b.s.SpringAddressBookApplication       : Started SpringAddressBookApplication in 0.267 seconds (JVM running for 819.206)
2021-11-05 14:33:03.279  INFO 15805 --- [restartedMain] c.b.s.SpringAddressBookApplication       : Address Book App Started
2021-11-05 14:33:29.808  INFO 15805 --- [restartedMain] c.b.s.SpringAddressBookApplication       : Starting SpringAddressBookApplication using Java 1.8.0_292 on swathi-Latitude-5511 with PID 15805 (/home/swathi/Documents/Swathi/BridgeLabz Fellowship/STS/SpringAddressBook/target/classes started by swathi in /home/swathi/Documents/Swathi/BridgeLabz Fellowship/STS/SpringAddressBook)
2021-11-05 14:33:29.808 DEBUG 15805 --- [restartedMain] c.b.s.SpringAddressBookApplication       : Running with Spring Boot v2.5.6, Spring v5.3.12
2021-11-05 14:33:29.808  INFO 15805 --- [restartedMain] c.b.s.SpringAddressBookApplication       : No active profile set, falling back to default profiles: default
2021-11-05 14:33:29.973  WARN 15805 --- [restartedMain] JpaBaseConfiguration$JpaWebConfiguration : spring.jpa.open-in-view is enabled by default. Therefore, database queries may be performed during view rendering. Explicitly configure spring.jpa.open-in-view to disable this warning
2021-11-05 14:33:30.025  INFO 15805 --- [restartedMain] c.b.s.SpringAddressBookApplication       : Started SpringAddressBookApplication in 0.231 seconds (JVM running for 845.953)
2021-11-05 14:33:30.026  INFO 15805 --- [restartedMain] c.b.s.SpringAddressBookApplication       : Address Book App Started
